
> shuffleboard-ranking@0.1.0 build
> next build

  â–² Next.js 14.2.3
  - Environments: .env.local

   Creating an optimized production build ...
Failed to compile.

./app/(main)/players/[id]/edit/page.tsx
Error: 
  [31mx[0m 'const' declarations must be initialized
    ,-[[36;1;4m/Users/dukey/Documents/shufflers8/app/(main)/players/[id]/edit/page.tsx[0m:7:1]
 [2m 7[0m | import { SupabaseAPI } from '@/lib/api/supabase-api';
 [2m 8[0m | import type { Player } from '@/types/player';
 [2m 9[0m | 
 [2m10[0m | const supabaseConfig.url = process.env.NEXT_PUBLIC_supabaseConfig.url;
    : [31;1m      ^^^^^^^^^^^^^^[0m
 [2m11[0m | const supabaseConfig.anonKey = process.env.NEXT_PUBLIC_supabaseConfig.anonKey;
 [2m12[0m | 
 [2m13[0m | // ç’°å¢ƒå¤‰æ•°ã®ãƒã‚§ãƒƒã‚¯
    `----

  [31mx[0m Expected a semicolon
    ,-[[36;1;4m/Users/dukey/Documents/shufflers8/app/(main)/players/[id]/edit/page.tsx[0m:7:1]
 [2m 7[0m | import { SupabaseAPI } from '@/lib/api/supabase-api';
 [2m 8[0m | import type { Player } from '@/types/player';
 [2m 9[0m | 
 [2m10[0m | const supabaseConfig.url = process.env.NEXT_PUBLIC_supabaseConfig.url;
    : [31;1m                    ^[0m
 [2m11[0m | const supabaseConfig.anonKey = process.env.NEXT_PUBLIC_supabaseConfig.anonKey;
 [2m12[0m | 
 [2m13[0m | // ç’°å¢ƒå¤‰æ•°ã®ãƒã‚§ãƒƒã‚¯
    `----

  [31mx[0m 'const' declarations must be initialized
    ,-[[36;1;4m/Users/dukey/Documents/shufflers8/app/(main)/players/[id]/edit/page.tsx[0m:8:1]
 [2m 8[0m | import type { Player } from '@/types/player';
 [2m 9[0m | 
 [2m10[0m | const supabaseConfig.url = process.env.NEXT_PUBLIC_supabaseConfig.url;
 [2m11[0m | const supabaseConfig.anonKey = process.env.NEXT_PUBLIC_supabaseConfig.anonKey;
    : [31;1m      ^^^^^^^^^^^^^^[0m
 [2m12[0m | 
 [2m13[0m | // ç’°å¢ƒå¤‰æ•°ã®ãƒã‚§ãƒƒã‚¯
 [2m14[0m | if (!supabaseConfig.url || !supabaseConfig.anonKey) {
    `----

  [31mx[0m Expected a semicolon
    ,-[[36;1;4m/Users/dukey/Documents/shufflers8/app/(main)/players/[id]/edit/page.tsx[0m:8:1]
 [2m 8[0m | import type { Player } from '@/types/player';
 [2m 9[0m | 
 [2m10[0m | const supabaseConfig.url = process.env.NEXT_PUBLIC_supabaseConfig.url;
 [2m11[0m | const supabaseConfig.anonKey = process.env.NEXT_PUBLIC_supabaseConfig.anonKey;
    : [31;1m                    ^[0m
 [2m12[0m | 
 [2m13[0m | // ç’°å¢ƒå¤‰æ•°ã®ãƒã‚§ãƒƒã‚¯
 [2m14[0m | if (!supabaseConfig.url || !supabaseConfig.anonKey) {
    `----

Caused by:
    Syntax Error

Import trace for requested module:
./app/(main)/players/[id]/edit/page.tsx

./app/(main)/players/[id]/page.tsx
Error: 
  [31mx[0m Expected ',', got '}'
    ,-[[36;1;4m/Users/dukey/Documents/shufflers8/app/(main)/players/[id]/page.tsx[0m:76:1]
 [2m76[0m |         {
 [2m77[0m |           headers: supabaseStorageHeaders
 [2m78[0m |           }
 [2m79[0m |         }
    : [31;1m        ^[0m
 [2m80[0m |       );
 [2m81[0m | 
 [2m82[0m |       if (response.ok) {
    `----

Caused by:
    Syntax Error

Import trace for requested module:
./app/(main)/players/[id]/page.tsx


> Build failed because of webpack errors
